<?xml version="1.0" encoding="UTF-8"?>
<testng-results ignored="0" total="3" passed="3" failed="0" skipped="0">
  <reporter-output>
  </reporter-output>
  <suite started-at="2025-07-12T16:41:53 IST" name="Default suite" finished-at="2025-07-12T16:42:01 IST" duration-ms="7738">
    <groups>
    </groups>
    <test started-at="2025-07-12T16:41:53 IST" name="Default test" finished-at="2025-07-12T16:42:01 IST" duration-ms="7738">
      <class name="demo.CheckingData">
        <test-method signature="fun()[pri:1, instance:demo.CheckingData@1da2cb77]" started-at="2025-07-12T16:41:53 IST" name="fun" finished-at="2025-07-12T16:41:58 IST" duration-ms="5283" status="PASS">
          <reporter-output>
          </reporter-output>
        </test-method> <!-- fun -->
        <test-method signature="eat()[pri:2, instance:demo.CheckingData@1da2cb77]" started-at="2025-07-12T16:41:58 IST" name="eat" finished-at="2025-07-12T16:42:00 IST" duration-ms="2057" status="PASS">
          <reporter-output>
          </reporter-output>
        </test-method> <!-- eat -->
        <test-method signature="fly()[pri:3, instance:demo.CheckingData@1da2cb77]" started-at="2025-07-12T16:42:00 IST" name="fly" finished-at="2025-07-12T16:42:01 IST" duration-ms="340" status="PASS">
          <reporter-output>
          </reporter-output>
        </test-method> <!-- fly -->
      </class> <!-- demo.CheckingData -->
    </test> <!-- Default test -->
  </suite> <!-- Default suite -->
</testng-results>
