<?xml version="1.0" encoding="UTF-8"?>
<testng-results ignored="0" total="6" passed="6" failed="0" skipped="0">
  <reporter-output>
  </reporter-output>
  <suite started-at="2025-07-12T21:10:55 IST" name="Suite" finished-at="2025-07-12T21:11:06 IST" duration-ms="10693">
    <groups>
    </groups>
    <test started-at="2025-07-12T21:10:55 IST" name="Test" finished-at="2025-07-12T21:11:06 IST" duration-ms="10693">
      <class name="demo.CheckingData">
        <test-method signature="fun()[pri:1, instance:demo.CheckingData@1a18644]" started-at="2025-07-12T21:10:55 IST" name="fun" finished-at="2025-07-12T21:11:01 IST" duration-ms="6112" status="PASS">
          <reporter-output>
          </reporter-output>
        </test-method> <!-- fun -->
        <test-method signature="eat()[pri:2, instance:demo.CheckingData@1a18644]" started-at="2025-07-12T21:11:01 IST" name="eat" finished-at="2025-07-12T21:11:03 IST" duration-ms="2088" status="PASS">
          <reporter-output>
          </reporter-output>
        </test-method> <!-- eat -->
        <test-method signature="fly()[pri:3, instance:demo.CheckingData@1a18644]" started-at="2025-07-12T21:11:03 IST" name="fly" finished-at="2025-07-12T21:11:04 IST" duration-ms="967" status="PASS">
          <reporter-output>
          </reporter-output>
        </test-method> <!-- fly -->
      </class> <!-- demo.CheckingData -->
      <class name="demo.SecondCheck">
        <test-method signature="second_one()[pri:1, instance:demo.SecondCheck@43dac38f]" started-at="2025-07-12T21:10:55 IST" name="second_one" finished-at="2025-07-12T21:11:01 IST" duration-ms="6232" status="PASS">
          <reporter-output>
          </reporter-output>
        </test-method> <!-- second_one -->
        <test-method signature="second_second()[pri:2, instance:demo.SecondCheck@43dac38f]" started-at="2025-07-12T21:11:01 IST" name="second_second" finished-at="2025-07-12T21:11:03 IST" duration-ms="2062" status="PASS">
          <reporter-output>
          </reporter-output>
        </test-method> <!-- second_second -->
        <test-method signature="second_three()[pri:3, instance:demo.SecondCheck@43dac38f]" started-at="2025-07-12T21:11:03 IST" name="second_three" finished-at="2025-07-12T21:11:06 IST" duration-ms="2326" status="PASS">
          <reporter-output>
          </reporter-output>
        </test-method> <!-- second_three -->
      </class> <!-- demo.SecondCheck -->
    </test> <!-- Test -->
  </suite> <!-- Suite -->
</testng-results>
