<?xml version="1.0" encoding="UTF-8"?>
<!-- Generated by org.testng.reporters.JUnitXMLReporter -->
<testsuite ignored="0" hostname="DESKTOP-FDDB765" failures="0" tests="6" name="Test" time="10.693" errors="0" timestamp="2025-07-12T21:11:06 IST">
  <testcase classname="demo.CheckingData" name="fun" time="6.112"/>
  <testcase classname="demo.SecondCheck" name="second_one" time="6.232"/>
  <testcase classname="demo.CheckingData" name="eat" time="2.088"/>
  <testcase classname="demo.SecondCheck" name="second_second" time="2.062"/>
  <testcase classname="demo.CheckingData" name="fly" time="0.967"/>
  <testcase classname="demo.SecondCheck" name="second_three" time="2.326"/>
</testsuite> <!-- Test -->
